<?xml version="1.0" encoding="UTF-8"?>
<coverage generated="1709229596644" clover="3.2.0">
  <project timestamp="1709229596644" name="All files">
    <metrics statements="8" coveredstatements="8" conditionals="0" coveredconditionals="0" methods="1" coveredmethods="1" elements="9" coveredelements="9" complexity="0" loc="8" ncloc="8" packages="2" files="3" classes="3"/>
    <package name="assets.icons">
      <metrics statements="1" coveredstatements="1" conditionals="0" coveredconditionals="0" methods="0" coveredmethods="0"/>
      <file name="icon-settings.png" path="/Users/juliocesar/Documents/projects/reactNative/expo/we-fit/assets/icons/icon-settings.png">
        <metrics statements="1" coveredstatements="1" conditionals="0" coveredconditionals="0" methods="0" coveredmethods="0"/>
        <line num="1" count="1" type="stmt"/>
      </file>
    </package>
    <package name="src.componentes.headerBarWithIcon">
      <metrics statements="7" coveredstatements="7" conditionals="0" coveredconditionals="0" methods="1" coveredmethods="1"/>
      <file name="HeaderBarWithSettingsIcon.tsx" path="/Users/juliocesar/Documents/projects/reactNative/expo/we-fit/src/componentes/headerBarWithIcon/HeaderBarWithSettingsIcon.tsx">
        <metrics statements="2" coveredstatements="2" conditionals="0" coveredconditionals="0" methods="1" coveredmethods="1"/>
        <line num="9" count="1" type="stmt"/>
        <line num="11" count="1" type="stmt"/>
      </file>
      <file name="styles.ts" path="/Users/juliocesar/Documents/projects/reactNative/expo/we-fit/src/componentes/headerBarWithIcon/styles.ts">
        <metrics statements="5" coveredstatements="5" conditionals="0" coveredconditionals="0" methods="0" coveredmethods="0"/>
        <line num="3" count="1" type="stmt"/>
        <line num="11" count="1" type="stmt"/>
        <line num="18" count="1" type="stmt"/>
        <line num="26" count="1" type="stmt"/>
        <line num="32" count="1" type="stmt"/>
      </file>
    </package>
  </project>
</coverage>
