{"/Users/juliocesar/Documents/projects/reactNative/expo/we-fit/assets/icons/icon-back-arrow.png": {"path":"/Users/juliocesar/Documents/projects/reactNative/expo/we-fit/assets/icons/icon-back-arrow.png","statementMap":{"0":{"start":{"line":1,"column":0},"end":{"line":4,"column":6}}},"fnMap":{},"branchMap":{},"s":{"0":1},"f":{},"b":{},"_coverageSchema":"1a1c01bbd47fc00a2c39e90264f33305004495a9","hash":"04143ae5f1f8e08ed99da0c869431df7ecd5ad0b"}
,"/Users/juliocesar/Documents/projects/reactNative/expo/we-fit/assets/icons/icon-red-circle.png": {"path":"/Users/juliocesar/Documents/projects/reactNative/expo/we-fit/assets/icons/icon-red-circle.png","statementMap":{"0":{"start":{"line":1,"column":0},"end":{"line":4,"column":6}}},"fnMap":{},"branchMap":{},"s":{"0":1},"f":{},"b":{},"_coverageSchema":"1a1c01bbd47fc00a2c39e90264f33305004495a9","hash":"3894792338dd0c11693a102603aea8310aa9bda1"}
,"/Users/juliocesar/Documents/projects/reactNative/expo/we-fit/assets/icons/icon-settings.png": {"path":"/Users/juliocesar/Documents/projects/reactNative/expo/we-fit/assets/icons/icon-settings.png","statementMap":{"0":{"start":{"line":1,"column":0},"end":{"line":4,"column":6}}},"fnMap":{},"branchMap":{},"s":{"0":1},"f":{},"b":{},"_coverageSchema":"1a1c01bbd47fc00a2c39e90264f33305004495a9","hash":"2649f4c42a60ee888000026830ce9561da8c6dbe"}
,"/Users/juliocesar/Documents/projects/reactNative/expo/we-fit/assets/icons/icon-star.png": {"path":"/Users/juliocesar/Documents/projects/reactNative/expo/we-fit/assets/icons/icon-star.png","statementMap":{"0":{"start":{"line":1,"column":0},"end":{"line":4,"column":6}}},"fnMap":{},"branchMap":{},"s":{"0":1},"f":{},"b":{},"_coverageSchema":"1a1c01bbd47fc00a2c39e90264f33305004495a9","hash":"396e38d5c22c5d5fe5c75bc373d61672e6d54e09"}
,"/Users/juliocesar/Documents/projects/reactNative/expo/we-fit/src/componentes/bottomSearchComponent/BottomSearchComponent.tsx": {"path":"/Users/juliocesar/Documents/projects/reactNative/expo/we-fit/src/componentes/bottomSearchComponent/BottomSearchComponent.tsx","statementMap":{"0":{"start":{"line":10,"column":70},"end":{"line":40,"column":1}},"1":{"start":{"line":12,"column":40},"end":{"line":12,"column":60}},"2":{"start":{"line":14,"column":39},"end":{"line":16,"column":5}},"3":{"start":{"line":15,"column":8},"end":{"line":15,"column":28}},"4":{"start":{"line":18,"column":4},"end":{"line":39,"column":5}},"5":{"start":{"line":34,"column":46},"end":{"line":34,"column":71}}},"fnMap":{"0":{"name":"(anonymous_0)","decl":{"start":{"line":10,"column":70},"end":{"line":10,"column":71}},"loc":{"start":{"line":10,"column":135},"end":{"line":40,"column":1}},"line":10},"1":{"name":"(anonymous_1)","decl":{"start":{"line":14,"column":39},"end":{"line":14,"column":40}},"loc":{"start":{"line":14,"column":59},"end":{"line":16,"column":5}},"line":14},"2":{"name":"(anonymous_2)","decl":{"start":{"line":34,"column":40},"end":{"line":34,"column":41}},"loc":{"start":{"line":34,"column":46},"end":{"line":34,"column":71}},"line":34}},"branchMap":{"0":{"loc":{"start":{"line":10,"column":104},"end":{"line":10,"column":129}},"type":"default-arg","locations":[{"start":{"line":10,"column":124},"end":{"line":10,"column":129}}],"line":10},"1":{"loc":{"start":{"line":20,"column":13},"end":{"line":20,"column":52}},"type":"cond-expr","locations":[{"start":{"line":20,"column":34},"end":{"line":20,"column":44}},{"start":{"line":20,"column":48},"end":{"line":20,"column":52}}],"line":20}},"s":{"0":1,"1":4,"2":4,"3":0,"4":4,"5":0},"f":{"0":4,"1":0,"2":0},"b":{"0":[0],"1":[4,0]},"_coverageSchema":"1a1c01bbd47fc00a2c39e90264f33305004495a9","hash":"5db7795b7728eda89aba2cf9bd39eb4675e380bf"}
,"/Users/juliocesar/Documents/projects/reactNative/expo/we-fit/src/componentes/bottomSearchComponent/styles.ts": {"path":"/Users/juliocesar/Documents/projects/reactNative/expo/we-fit/src/componentes/bottomSearchComponent/styles.ts","statementMap":{"0":{"start":{"line":4,"column":29},"end":{"line":10,"column":1}},"1":{"start":{"line":12,"column":31},"end":{"line":19,"column":1}},"2":{"start":{"line":21,"column":29},"end":{"line":26,"column":1}},"3":{"start":{"line":28,"column":36},"end":{"line":33,"column":1}},"4":{"start":{"line":35,"column":40},"end":{"line":43,"column":1}},"5":{"start":{"line":45,"column":31},"end":{"line":53,"column":1}},"6":{"start":{"line":55,"column":36},"end":{"line":61,"column":1}},"7":{"start":{"line":63,"column":31},"end":{"line":67,"column":1}},"8":{"start":{"line":69,"column":32},"end":{"line":76,"column":1}},"9":{"start":{"line":78,"column":26},"end":{"line":83,"column":1}},"10":{"start":{"line":85,"column":31},"end":{"line":89,"column":1}},"11":{"start":{"line":91,"column":28},"end":{"line":111,"column":1}},"12":{"start":{"line":113,"column":33},"end":{"line":117,"column":1}},"13":{"start":{"line":119,"column":23},"end":{"line":128,"column":1}}},"fnMap":{},"branchMap":{},"s":{"0":1,"1":1,"2":1,"3":1,"4":1,"5":1,"6":1,"7":1,"8":1,"9":1,"10":1,"11":1,"12":1,"13":1},"f":{},"b":{},"_coverageSchema":"1a1c01bbd47fc00a2c39e90264f33305004495a9","hash":"e094b6faecc4356c996ebd2339fabe06b2c7b9ef"}
,"/Users/juliocesar/Documents/projects/reactNative/expo/we-fit/src/componentes/headerBackComponent/HeaderBackComponent.tsx": {"path":"/Users/juliocesar/Documents/projects/reactNative/expo/we-fit/src/componentes/headerBackComponent/HeaderBackComponent.tsx","statementMap":{"0":{"start":{"line":8,"column":66},"end":{"line":17,"column":1}},"1":{"start":{"line":9,"column":4},"end":{"line":16,"column":5}}},"fnMap":{"0":{"name":"(anonymous_0)","decl":{"start":{"line":8,"column":66},"end":{"line":8,"column":67}},"loc":{"start":{"line":8,"column":105},"end":{"line":17,"column":1}},"line":8}},"branchMap":{},"s":{"0":1,"1":1},"f":{"0":1},"b":{},"_coverageSchema":"1a1c01bbd47fc00a2c39e90264f33305004495a9","hash":"91ed3c7e4f1cb39ea0e8d75e5bbab82309122e54"}
,"/Users/juliocesar/Documents/projects/reactNative/expo/we-fit/src/componentes/headerBackComponent/styles.ts": {"path":"/Users/juliocesar/Documents/projects/reactNative/expo/we-fit/src/componentes/headerBackComponent/styles.ts","statementMap":{"0":{"start":{"line":3,"column":29},"end":{"line":9,"column":1}},"1":{"start":{"line":11,"column":33},"end":{"line":15,"column":1}},"2":{"start":{"line":17,"column":24},"end":{"line":20,"column":1}},"3":{"start":{"line":22,"column":21},"end":{"line":26,"column":1}}},"fnMap":{},"branchMap":{},"s":{"0":1,"1":1,"2":1,"3":1},"f":{},"b":{},"_coverageSchema":"1a1c01bbd47fc00a2c39e90264f33305004495a9","hash":"7e982461ea9a959fb16977f0035eedd8bb9d8bc0"}
,"/Users/juliocesar/Documents/projects/reactNative/expo/we-fit/src/componentes/headerBarWithIcon/HeaderBarWithSettingsIcon.tsx": {"path":"/Users/juliocesar/Documents/projects/reactNative/expo/we-fit/src/componentes/headerBarWithIcon/HeaderBarWithSettingsIcon.tsx","statementMap":{"0":{"start":{"line":10,"column":69},"end":{"line":22,"column":1}},"1":{"start":{"line":12,"column":4},"end":{"line":21,"column":5}}},"fnMap":{"0":{"name":"(anonymous_0)","decl":{"start":{"line":10,"column":69},"end":{"line":10,"column":70}},"loc":{"start":{"line":10,"column":102},"end":{"line":22,"column":1}},"line":10}},"branchMap":{},"s":{"0":1,"1":1},"f":{"0":1},"b":{},"_coverageSchema":"1a1c01bbd47fc00a2c39e90264f33305004495a9","hash":"1fb720fe4322ad06ac9882f44dbb7864543ab776"}
,"/Users/juliocesar/Documents/projects/reactNative/expo/we-fit/src/componentes/headerBarWithIcon/styles.ts": {"path":"/Users/juliocesar/Documents/projects/reactNative/expo/we-fit/src/componentes/headerBarWithIcon/styles.ts","statementMap":{"0":{"start":{"line":3,"column":29},"end":{"line":9,"column":1}},"1":{"start":{"line":11,"column":30},"end":{"line":16,"column":1}},"2":{"start":{"line":18,"column":29},"end":{"line":24,"column":1}},"3":{"start":{"line":26,"column":21},"end":{"line":30,"column":1}},"4":{"start":{"line":32,"column":20},"end":{"line":35,"column":1}}},"fnMap":{},"branchMap":{},"s":{"0":1,"1":1,"2":1,"3":1,"4":1},"f":{},"b":{},"_coverageSchema":"1a1c01bbd47fc00a2c39e90264f33305004495a9","hash":"460f48514dc1fde8970c077f11f31bec411be10d"}
,"/Users/juliocesar/Documents/projects/reactNative/expo/we-fit/src/componentes/repositoryCard/RepositoryCard.tsx": {"path":"/Users/juliocesar/Documents/projects/reactNative/expo/we-fit/src/componentes/repositoryCard/RepositoryCard.tsx","statementMap":{"0":{"start":{"line":12,"column":56},"end":{"line":52,"column":1}},"1":{"start":{"line":14,"column":40},"end":{"line":14,"column":55}},"2":{"start":{"line":16,"column":4},"end":{"line":51,"column":5}},"3":{"start":{"line":24,"column":86},"end":{"line":24,"column":105}},"4":{"start":{"line":35,"column":53},"end":{"line":35,"column":114}}},"fnMap":{"0":{"name":"(anonymous_0)","decl":{"start":{"line":12,"column":56},"end":{"line":12,"column":57}},"loc":{"start":{"line":12,"column":135},"end":{"line":52,"column":1}},"line":12},"1":{"name":"(anonymous_1)","decl":{"start":{"line":24,"column":79},"end":{"line":24,"column":80}},"loc":{"start":{"line":24,"column":85},"end":{"line":24,"column":106}},"line":24},"2":{"name":"(anonymous_2)","decl":{"start":{"line":35,"column":45},"end":{"line":35,"column":46}},"loc":{"start":{"line":35,"column":51},"end":{"line":35,"column":115}},"line":35}},"branchMap":{"0":{"loc":{"start":{"line":12,"column":84},"end":{"line":12,"column":114}},"type":"default-arg","locations":[{"start":{"line":12,"column":110},"end":{"line":12,"column":114}}],"line":12},"1":{"loc":{"start":{"line":23,"column":18},"end":{"line":27,"column":17}},"type":"cond-expr","locations":[{"start":{"line":24,"column":20},"end":{"line":24,"column":109}},{"start":{"line":26,"column":20},"end":{"line":26,"column":104}}],"line":23},"2":{"loc":{"start":{"line":34,"column":18},"end":{"line":39,"column":24}},"type":"cond-expr","locations":[{"start":{"line":35,"column":20},"end":{"line":38,"column":37}},{"start":{"line":39,"column":20},"end":{"line":39,"column":24}}],"line":34},"3":{"loc":{"start":{"line":35,"column":53},"end":{"line":35,"column":114}},"type":"cond-expr","locations":[{"start":{"line":35,"column":78},"end":{"line":35,"column":107}},{"start":{"line":35,"column":110},"end":{"line":35,"column":114}}],"line":35},"4":{"loc":{"start":{"line":47,"column":37},"end":{"line":47,"column":92}},"type":"cond-expr","locations":[{"start":{"line":47,"column":53},"end":{"line":47,"column":66}},{"start":{"line":47,"column":69},"end":{"line":47,"column":92}}],"line":47}},"s":{"0":1,"1":7,"2":7,"3":0,"4":0},"f":{"0":7,"1":0,"2":0},"b":{"0":[0],"1":[7,0],"2":[6,1],"3":[0,0],"4":[7,0]},"_coverageSchema":"1a1c01bbd47fc00a2c39e90264f33305004495a9","hash":"246e9e71b2b3f76fc028267e4ea692cb4601319c"}
,"/Users/juliocesar/Documents/projects/reactNative/expo/we-fit/src/componentes/repositoryCard/styles.ts": {"path":"/Users/juliocesar/Documents/projects/reactNative/expo/we-fit/src/componentes/repositoryCard/styles.ts","statementMap":{"0":{"start":{"line":4,"column":29},"end":{"line":25,"column":1}},"1":{"start":{"line":27,"column":31},"end":{"line":34,"column":1}},"2":{"start":{"line":36,"column":30},"end":{"line":42,"column":1}},"3":{"start":{"line":44,"column":26},"end":{"line":48,"column":1}},"4":{"start":{"line":50,"column":25},"end":{"line":56,"column":1}},"5":{"start":{"line":58,"column":26},"end":{"line":62,"column":1}},"6":{"start":{"line":64,"column":23},"end":{"line":70,"column":1}},"7":{"start":{"line":72,"column":36},"end":{"line":76,"column":1}},"8":{"start":{"line":78,"column":31},"end":{"line":84,"column":1}},"9":{"start":{"line":86,"column":31},"end":{"line":94,"column":1}},"10":{"start":{"line":96,"column":30},"end":{"line":103,"column":1}},"11":{"start":{"line":105,"column":24},"end":{"line":108,"column":1}},"12":{"start":{"line":110,"column":35},"end":{"line":115,"column":1}},"13":{"start":{"line":117,"column":37},"end":{"line":121,"column":1}},"14":{"start":{"line":123,"column":32},"end":{"line":128,"column":1}},"15":{"start":{"line":130,"column":33},"end":{"line":134,"column":1}},"16":{"start":{"line":136,"column":28},"end":{"line":139,"column":1}},"17":{"start":{"line":141,"column":29},"end":{"line":146,"column":1}}},"fnMap":{},"branchMap":{},"s":{"0":1,"1":1,"2":1,"3":1,"4":1,"5":1,"6":1,"7":1,"8":1,"9":1,"10":1,"11":1,"12":1,"13":1,"14":1,"15":1,"16":1,"17":1},"f":{},"b":{},"_coverageSchema":"1a1c01bbd47fc00a2c39e90264f33305004495a9","hash":"51a8bab04830e4f5557f29a3bdd8577350569ff2"}
}
