{"/Users/juliocesar/Documents/projects/reactNative/expo/we-fit/assets/icons/icon-settings.png": {"path":"/Users/juliocesar/Documents/projects/reactNative/expo/we-fit/assets/icons/icon-settings.png","statementMap":{"0":{"start":{"line":1,"column":0},"end":{"line":4,"column":6}}},"fnMap":{},"branchMap":{},"s":{"0":1},"f":{},"b":{},"_coverageSchema":"1a1c01bbd47fc00a2c39e90264f33305004495a9","hash":"2649f4c42a60ee888000026830ce9561da8c6dbe"}
,"/Users/juliocesar/Documents/projects/reactNative/expo/we-fit/src/componentes/headerBarWithIcon/HeaderBarWithSettingsIcon.tsx": {"path":"/Users/juliocesar/Documents/projects/reactNative/expo/we-fit/src/componentes/headerBarWithIcon/HeaderBarWithSettingsIcon.tsx","statementMap":{"0":{"start":{"line":10,"column":69},"end":{"line":22,"column":1}},"1":{"start":{"line":12,"column":4},"end":{"line":21,"column":5}}},"fnMap":{"0":{"name":"(anonymous_0)","decl":{"start":{"line":10,"column":69},"end":{"line":10,"column":70}},"loc":{"start":{"line":10,"column":102},"end":{"line":22,"column":1}},"line":10}},"branchMap":{},"s":{"0":1,"1":1},"f":{"0":1},"b":{},"_coverageSchema":"1a1c01bbd47fc00a2c39e90264f33305004495a9","hash":"1fb720fe4322ad06ac9882f44dbb7864543ab776"}
,"/Users/juliocesar/Documents/projects/reactNative/expo/we-fit/src/componentes/headerBarWithIcon/styles.ts": {"path":"/Users/juliocesar/Documents/projects/reactNative/expo/we-fit/src/componentes/headerBarWithIcon/styles.ts","statementMap":{"0":{"start":{"line":3,"column":29},"end":{"line":9,"column":1}},"1":{"start":{"line":11,"column":30},"end":{"line":16,"column":1}},"2":{"start":{"line":18,"column":29},"end":{"line":24,"column":1}},"3":{"start":{"line":26,"column":21},"end":{"line":30,"column":1}},"4":{"start":{"line":32,"column":20},"end":{"line":35,"column":1}}},"fnMap":{},"branchMap":{},"s":{"0":1,"1":1,"2":1,"3":1,"4":1},"f":{},"b":{},"_coverageSchema":"1a1c01bbd47fc00a2c39e90264f33305004495a9","hash":"460f48514dc1fde8970c077f11f31bec411be10d"}
}
