TN:
SF:assets/icons/icon-back-arrow.png
FNF:0
FNH:0
DA:1,1
LF:1
LH:1
BRF:0
BRH:0
end_of_record
TN:
SF:assets/icons/icon-red-circle.png
FNF:0
FNH:0
DA:1,1
LF:1
LH:1
BRF:0
BRH:0
end_of_record
TN:
SF:assets/icons/icon-settings.png
FNF:0
FNH:0
DA:1,1
LF:1
LH:1
BRF:0
BRH:0
end_of_record
TN:
SF:assets/icons/icon-star.png
FNF:0
FNH:0
DA:1,1
LF:1
LH:1
BRF:0
BRH:0
end_of_record
TN:
SF:src/componentes/bottomSearchComponent/BottomSearchComponent.tsx
FN:10,(anonymous_0)
FN:14,(anonymous_1)
FN:34,(anonymous_2)
FNF:3
FNH:1
FNDA:4,(anonymous_0)
FNDA:0,(anonymous_1)
FNDA:0,(anonymous_2)
DA:10,1
DA:12,4
DA:14,4
DA:15,0
DA:18,4
DA:34,0
LF:6
LH:4
BRDA:10,0,0,0
BRDA:20,1,0,4
BRDA:20,1,1,0
BRF:3
BRH:1
end_of_record
TN:
SF:src/componentes/bottomSearchComponent/styles.ts
FNF:0
FNH:0
DA:4,1
DA:12,1
DA:21,1
DA:28,1
DA:35,1
DA:45,1
DA:55,1
DA:63,1
DA:69,1
DA:78,1
DA:85,1
DA:91,1
DA:113,1
DA:119,1
LF:14
LH:14
BRF:0
BRH:0
end_of_record
TN:
SF:src/componentes/headerBackComponent/HeaderBackComponent.tsx
FN:8,(anonymous_0)
FNF:1
FNH:1
FNDA:1,(anonymous_0)
DA:8,1
DA:9,1
LF:2
LH:2
BRF:0
BRH:0
end_of_record
TN:
SF:src/componentes/headerBackComponent/styles.ts
FNF:0
FNH:0
DA:3,1
DA:11,1
DA:17,1
DA:22,1
LF:4
LH:4
BRF:0
BRH:0
end_of_record
TN:
SF:src/componentes/headerBarWithIcon/HeaderBarWithSettingsIcon.tsx
FN:10,(anonymous_0)
FNF:1
FNH:1
FNDA:1,(anonymous_0)
DA:10,1
DA:12,1
LF:2
LH:2
BRF:0
BRH:0
end_of_record
TN:
SF:src/componentes/headerBarWithIcon/styles.ts
FNF:0
FNH:0
DA:3,1
DA:11,1
DA:18,1
DA:26,1
DA:32,1
LF:5
LH:5
BRF:0
BRH:0
end_of_record
TN:
SF:src/componentes/repositoryCard/RepositoryCard.tsx
FN:12,(anonymous_0)
FN:24,(anonymous_1)
FN:35,(anonymous_2)
FNF:3
FNH:1
FNDA:7,(anonymous_0)
FNDA:0,(anonymous_1)
FNDA:0,(anonymous_2)
DA:12,1
DA:14,7
DA:16,7
DA:24,0
DA:35,0
LF:5
LH:3
BRDA:12,0,0,0
BRDA:23,1,0,7
BRDA:23,1,1,0
BRDA:34,2,0,6
BRDA:34,2,1,1
BRDA:35,3,0,0
BRDA:35,3,1,0
BRDA:47,4,0,7
BRDA:47,4,1,0
BRF:9
BRH:4
end_of_record
TN:
SF:src/componentes/repositoryCard/styles.ts
FNF:0
FNH:0
DA:4,1
DA:27,1
DA:36,1
DA:44,1
DA:50,1
DA:58,1
DA:64,1
DA:72,1
DA:78,1
DA:86,1
DA:96,1
DA:105,1
DA:110,1
DA:117,1
DA:123,1
DA:130,1
DA:136,1
DA:141,1
LF:18
LH:18
BRF:0
BRH:0
end_of_record
